<?xml version="1.0" encoding="UTF-8"?>
<testsuite name="RunnerTest" tests="1" skipped="0" failures="0" errors="0" timestamp="2021-12-16T14:11:45" hostname="TULIMOV" time="8.717">
  <properties/>
  <testcase name="check" classname="RunnerTest" time="8.717"/>
  <system-out><![CDATA[Проверка версий драйвера
Версии хрома и дравйера совпадают
Значения совпадают: -135,6958 - c сайта, -135,6958 - с бинанса, все ОК
]]></system-out>
  <system-err><![CDATA[Starting ChromeDriver 96.0.4664.45 (76e4c1bb2ab4671b8beba3444e61c0f17584b2fc-refs/branch-heads/4664@{#947}) on port 5933
Only local connections are allowed.
Please see https://chromedriver.chromium.org/security-considerations for suggestions on keeping ChromeDriver safe.
ChromeDriver was started successfully.
дек. 16, 2021 5:11:47 PM org.openqa.selenium.remote.ProtocolHandshake createSession
INFO: Detected dialect: W3C
]]></system-err>
</testsuite>
